<?xml version="1.0" encoding="UTF-8"?>
<!-- Generated by org.testng.reporters.JUnitReportReporter -->
<testsuite hostname="DESKTOP-E2JOFU2" failures="0" tests="1" name="Practise.pagination2" time="41.394" errors="0" timestamp="2025-06-27T18:57:53 IST" skipped="0">
  <testcase classname="Practise.pagination2" name="sample1" time="41.394"/>
</testsuite> <!-- Practise.pagination2 -->
