<?xml version="1.0" encoding="UTF-8"?>
<!-- Generated by org.testng.reporters.JUnitReportReporter -->
<testsuite hostname="DESKTOP-E2JOFU2" failures="0" tests="1" name="Practise.testautomation" time="13.577" errors="0" timestamp="2025-06-20T12:51:51 IST" skipped="0">
  <testcase classname="Practise.testautomation" name="testcase" time="13.577"/>
</testsuite> <!-- Practise.testautomation -->
