<?xml version="1.0" encoding="UTF-8"?>
<!-- Generated by org.testng.reporters.JUnitReportReporter -->
<testsuite hostname="DESKTOP-E2JOFU2" failures="0" tests="1" name="tekion.Scenario8" time="16.034" errors="0" timestamp="2025-06-09T20:10:38 IST" skipped="0">
  <testcase classname="tekion.Scenario8" name="testcase" time="16.034"/>
</testsuite> <!-- tekion.Scenario8 -->
