<?xml version="1.0" encoding="UTF-8"?>
<!-- Generated by org.testng.reporters.JUnitReportReporter -->
<testsuite hostname="DESKTOP-E2JOFU2" failures="0" tests="1" name="PractiseScripte2.tc6" time="43.131" errors="0" timestamp="2025-06-26T16:07:10 IST" skipped="0">
  <testcase classname="PractiseScripte2.tc6" name="sample1" time="43.131"/>
</testsuite> <!-- PractiseScripte2.tc6 -->
