<?xml version="1.0" encoding="UTF-8"?>
<!-- Generated by org.testng.reporters.JUnitReportReporter -->
<testsuite hostname="DESKTOP-E2JOFU2" failures="0" tests="1" name="tekion.scenario1" time="22.283" errors="0" timestamp="2025-06-09T13:08:52 IST" skipped="0">
  <testcase classname="tekion.scenario1" name="Sample1" time="22.283"/>
</testsuite> <!-- tekion.scenario1 -->
