<?xml version="1.0" encoding="UTF-8"?>
<!-- Generated by org.testng.reporters.JUnitReportReporter -->
<testsuite hostname="DESKTOP-E2JOFU2" failures="0" tests="1" name="AutomationEcercise.RegisterUserAutomation" time="25.772" errors="0" timestamp="2025-01-16T22:37:03 IST" skipped="0">
  <testcase classname="AutomationEcercise.RegisterUserAutomation" name="registerUser" time="25.772"/>
</testsuite> <!-- AutomationEcercise.RegisterUserAutomation -->
