<?xml version="1.0" encoding="UTF-8"?>
<!-- Generated by org.testng.reporters.JUnitReportReporter -->
<testsuite hostname="DESKTOP-E2JOFU2" failures="0" tests="1" name="Practise.Myntra1" time="32.296" errors="0" timestamp="2025-05-19T22:59:25 IST" skipped="0">
  <testcase classname="Practise.Myntra1" name="sample" time="32.296"/>
</testsuite> <!-- Practise.Myntra1 -->
