<?xml version="1.0" encoding="UTF-8"?>
<!-- Generated by org.testng.reporters.JUnitReportReporter -->
<testsuite hostname="DESKTOP-E2JOFU2" failures="0" tests="1" name="Practise.Pagination" time="12.526" errors="0" timestamp="2025-06-20T15:36:04 IST" skipped="0">
  <testcase classname="Practise.Pagination" name="sample" time="12.526"/>
</testsuite> <!-- Practise.Pagination -->
