<?xml version="1.0" encoding="UTF-8"?>
<!-- Generated by org.testng.reporters.JUnitReportReporter -->
<testsuite hostname="DESKTOP-E2JOFU2" failures="0" tests="1" name="tekion.scenario2" time="31.456" errors="0" timestamp="2025-06-10T13:12:01 IST" skipped="0">
  <testcase classname="tekion.scenario2" name="sample" time="31.456"/>
</testsuite> <!-- tekion.scenario2 -->
