<?xml version="1.0" encoding="UTF-8"?>
<!-- Generated by org.testng.reporters.JUnitReportReporter -->
<testsuite hostname="DESKTOP-E2JOFU2" failures="0" tests="1" name="AutomationEcercise.registeUserWithExistingEmailTest" time="15.920" errors="0" timestamp="2025-01-22T15:25:46 IST" skipped="0">
  <testcase classname="AutomationEcercise.registeUserWithExistingEmailTest" name="registeUserWithExistingEmail" time="15.920"/>
</testsuite> <!-- AutomationEcercise.registeUserWithExistingEmailTest -->
