<?xml version="1.0" encoding="UTF-8"?>
<!-- Generated by org.testng.reporters.JUnitReportReporter -->
<testsuite hostname="DESKTOP-E2JOFU2" failures="0" tests="1" name="Practise.Practise" time="25.898" errors="0" timestamp="2025-05-01T19:37:19 IST" skipped="0">
  <testcase classname="Practise.Practise" name="sample" time="25.898"/>
</testsuite> <!-- Practise.Practise -->
