<?xml version="1.0" encoding="UTF-8"?>
<!-- Generated by org.testng.reporters.JUnitReportReporter -->
<testsuite hostname="DESKTOP-E2JOFU2" failures="0" tests="1" name="Practise.Flipkarttt" time="29.338" errors="0" timestamp="2025-07-03T16:30:51 IST" skipped="0">
  <testcase classname="Practise.Flipkarttt" name="sample" time="29.338"/>
</testsuite> <!-- Practise.Flipkarttt -->
