<?xml version="1.0" encoding="UTF-8"?>
<!-- Generated by org.testng.reporters.JUnitReportReporter -->
<testsuite hostname="DESKTOP-E2JOFU2" failures="0" tests="1" name="Agoda.sample" time="46.755" errors="0" timestamp="2025-02-20T12:55:56 IST" skipped="0">
  <testcase classname="Agoda.sample" name="Sample1" time="46.755"/>
</testsuite> <!-- Agoda.sample -->
