<?xml version="1.0" encoding="UTF-8"?>
<!-- Generated by org.testng.reporters.JUnitReportReporter -->
<testsuite hostname="DESKTOP-E2JOFU2" failures="0" tests="1" name="PractiseScripte2.ts2" time="28.544" errors="0" timestamp="2025-06-27T18:58:45 IST" skipped="0">
  <testcase classname="PractiseScripte2.ts2" name="sample1" time="28.544"/>
</testsuite> <!-- PractiseScripte2.ts2 -->
