<?xml version="1.0" encoding="UTF-8"?>
<!-- Generated by org.testng.reporters.JUnitReportReporter -->
<testsuite hostname="DESKTOP-E2JOFU2" failures="0" tests="1" name="Practise.pagination2" time="46.927" errors="0" timestamp="2025-07-01T14:25:37 IST" skipped="0">
  <testcase classname="Practise.pagination2" name="sample2" time="46.927"/>
</testsuite> <!-- Practise.pagination2 -->
