<?xml version="1.0" encoding="UTF-8"?>
<!-- Generated by org.testng.reporters.JUnitReportReporter -->
<testsuite hostname="DESKTOP-E2JOFU2" failures="0" tests="1" name="Practise.Myntra2" time="50.761" errors="0" timestamp="2025-05-19T23:40:18 IST" skipped="0">
  <testcase classname="Practise.Myntra2" name="sample1" time="50.761"/>
</testsuite> <!-- Practise.Myntra2 -->
