<?xml version="1.0" encoding="UTF-8"?>
<!-- Generated by org.testng.reporters.JUnitReportReporter -->
<testsuite hostname="DESKTOP-E2JOFU2" failures="0" tests="1" name="shadowroot_open" time="15.060" errors="0" timestamp="2025-06-10T14:59:58 IST" skipped="0">
  <testcase classname="shadowroot_open" name="openshadowroot" time="15.060"/>
</testsuite> <!-- shadowroot_open -->
