<?xml version="1.0" encoding="UTF-8"?>
<!-- Generated by org.testng.reporters.JUnitReportReporter -->
<testsuite hostname="DESKTOP-E2JOFU2" failures="0" tests="1" name="AutomationEcercise.logoutUser" time="18.656" errors="0" timestamp="2025-01-22T13:33:23 IST" skipped="0">
  <testcase classname="AutomationEcercise.logoutUser" name="logout" time="18.656"/>
</testsuite> <!-- AutomationEcercise.logoutUser -->
