<?xml version="1.0" encoding="UTF-8"?>
<!-- Generated by org.testng.reporters.JUnitReportReporter -->
<testsuite hostname="DESKTOP-E2JOFU2" failures="0" tests="1" name="Practise.PractiseAmazon" time="38.009" errors="0" timestamp="2025-06-18T21:41:58 IST" skipped="0">
  <testcase classname="Practise.PractiseAmazon" name="testcase1" time="38.009"/>
</testsuite> <!-- Practise.PractiseAmazon -->
