<?xml version="1.0" encoding="UTF-8"?>
<!-- Generated by org.testng.reporters.JUnitReportReporter -->
<testsuite hostname="DESKTOP-E2JOFU2" failures="0" tests="1" name="Bookmyshow.testcase" time="38.871" errors="0" timestamp="2025-03-14T13:03:48 IST" skipped="0">
  <testcase classname="Bookmyshow.testcase" name="sample" time="38.871"/>
</testsuite> <!-- Bookmyshow.testcase -->
