<?xml version="1.0" encoding="UTF-8"?>
<!-- Generated by org.testng.reporters.JUnitReportReporter -->
<testsuite hostname="DESKTOP-E2JOFU2" failures="0" tests="1" name="Sony.SpiceJet" time="45.875" errors="0" timestamp="2025-03-06T11:09:27 IST" skipped="0">
  <testcase classname="Sony.SpiceJet" name="test1" time="45.875"/>
</testsuite> <!-- Sony.SpiceJet -->
