<?xml version="1.0" encoding="UTF-8"?>
<!-- Generated by org.testng.reporters.JUnitReportReporter -->
<testsuite hostname="DESKTOP-E2JOFU2" failures="0" tests="1" name="tekion.scenario4" time="36.651" errors="0" timestamp="2025-06-09T20:55:40 IST" skipped="0">
  <testcase classname="tekion.scenario4" name="testcase1" time="36.651"/>
</testsuite> <!-- tekion.scenario4 -->
