<?xml version="1.0" encoding="UTF-8"?>
<!-- Generated by org.testng.reporters.JUnitReportReporter -->
<testsuite hostname="DESKTOP-E2JOFU2" failures="0" tests="1" name="Nasdq" time="71.653" errors="0" timestamp="2025-03-12T17:21:06 IST" skipped="0">
  <testcase classname="Nasdq" name="practise" time="71.653"/>
</testsuite> <!-- Nasdq -->
