<?xml version="1.0" encoding="UTF-8"?>
<!-- Generated by org.testng.reporters.JUnitReportReporter -->
<testsuite hostname="DESKTOP-E2JOFU2" failures="0" tests="1" name="Practise.testcase1" time="16.657" errors="0" timestamp="2025-05-28T11:07:17 IST" skipped="0">
  <testcase classname="Practise.testcase1" name="testcase" time="16.657"/>
</testsuite> <!-- Practise.testcase1 -->
