<?xml version="1.0" encoding="UTF-8"?>
<!-- Generated by org.testng.reporters.JUnitReportReporter -->
<testsuite hostname="DESKTOP-E2JOFU2" failures="0" tests="1" name="Practise.Flipkart2" time="16.262" errors="0" timestamp="2025-05-20T22:23:18 IST" skipped="0">
  <testcase classname="Practise.Flipkart2" name="testcase2" time="16.262"/>
</testsuite> <!-- Practise.Flipkart2 -->
