<?xml version="1.0" encoding="UTF-8"?>
<!-- Generated by org.testng.reporters.JUnitReportReporter -->
<testsuite hostname="DESKTOP-E2JOFU2" failures="0" tests="2" name="AutomationEcercise.SignupTest" time="39.300" errors="0" timestamp="2025-01-22T13:24:47 IST" skipped="0">
  <testcase classname="AutomationEcercise.SignupTest" name="Signup" time="30.958"/>
  <testcase classname="AutomationEcercise.SignupTest" name="loginuserwithcorrectemailandpassword" time="8.342"/>
</testsuite> <!-- AutomationEcercise.SignupTest -->
