<?xml version="1.0" encoding="UTF-8"?>
<!-- Generated by org.testng.reporters.JUnitReportReporter -->
<testsuite hostname="DESKTOP-E2JOFU2" failures="0" tests="1" name="Practise.flipkart1" time="15.738" errors="0" timestamp="2025-05-22T11:12:50 IST" skipped="0">
  <testcase classname="Practise.flipkart1" name="sample" time="15.738"/>
</testsuite> <!-- Practise.flipkart1 -->
