<?xml version="1.0" encoding="UTF-8"?>
<!-- Generated by org.testng.reporters.JUnitReportReporter -->
<testsuite hostname="DESKTOP-E2JOFU2" failures="0" tests="1" name="AutomationEcercise.Registeruser" time="35.543" errors="0" timestamp="2025-01-16T22:25:45 IST" skipped="0">
  <testcase classname="AutomationEcercise.Registeruser" name="registeruser" time="35.543"/>
</testsuite> <!-- AutomationEcercise.Registeruser -->
