<?xml version="1.0" encoding="UTF-8"?>
<!-- Generated by org.testng.reporters.JUnitReportReporter -->
<testsuite hostname="DESKTOP-E2JOFU2" failures="0" tests="1" name="GoIbibo" time="17.360" errors="0" timestamp="2025-03-13T16:04:41 IST" skipped="0">
  <testcase classname="GoIbibo" name="sample" time="17.360"/>
</testsuite> <!-- GoIbibo -->
