<?xml version="1.0" encoding="UTF-8"?>
<!-- Generated by org.testng.reporters.JUnitReportReporter -->
<testsuite hostname="DESKTOP-E2JOFU2" failures="0" tests="1" name="Practise.testautomation" time="42.468" errors="0" timestamp="2025-05-20T00:48:51 IST" skipped="0">
  <testcase classname="Practise.testautomation" name="testcase" time="42.468"/>
</testsuite> <!-- Practise.testautomation -->
