<?xml version="1.0" encoding="UTF-8"?>
<!-- Generated by org.testng.reporters.JUnitReportReporter -->
<testsuite hostname="DESKTOP-E2JOFU2" failures="0" tests="1" name="Practise.Scenario1" time="19.548" errors="0" timestamp="2025-06-06T11:18:30 IST" skipped="0">
  <testcase classname="Practise.Scenario1" name="Sample1" time="19.548"/>
</testsuite> <!-- Practise.Scenario1 -->
