<?xml version="1.0" encoding="UTF-8"?>
<!-- Generated by org.testng.reporters.JUnitReportReporter -->
<testsuite hostname="DESKTOP-E2JOFU2" failures="0" tests="1" name="AutomationEcercise.loginuserwithincorrectemailandpasswordTest" time="11.619" errors="0" timestamp="2025-01-22T12:45:42 IST" skipped="0">
  <testcase classname="AutomationEcercise.loginuserwithincorrectemailandpasswordTest" name="loginuserwithcorrectemailandpassword" time="11.619"/>
</testsuite> <!-- AutomationEcercise.loginuserwithincorrectemailandpasswordTest -->
