<?xml version="1.0" encoding="UTF-8"?>
<!-- Generated by org.testng.reporters.JUnitReportReporter -->
<testsuite hostname="DESKTOP-E2JOFU2" failures="0" tests="1" name="Practise.google" time="11.801" errors="0" timestamp="2025-05-13T12:55:41 IST" skipped="0">
  <testcase classname="Practise.google" name="practise" time="11.801"/>
</testsuite> <!-- Practise.google -->
