<?xml version="1.0" encoding="UTF-8"?>
<!-- Generated by org.testng.reporters.JUnitReportReporter -->
<testsuite hostname="DESKTOP-E2JOFU2" failures="0" tests="1" name="tekion.scenario7" time="13.930" errors="0" timestamp="2025-06-09T20:40:38 IST" skipped="0">
  <testcase classname="tekion.scenario7" name="testcase" time="13.930"/>
</testsuite> <!-- tekion.scenario7 -->
