<?xml version="1.0" encoding="UTF-8"?>
<!-- Generated by org.testng.reporters.JUnitReportReporter -->
<testsuite hostname="DESKTOP-E2JOFU2" failures="0" tests="1" name="tekion.Scenario09" time="41.331" errors="0" timestamp="2025-06-09T23:23:17 IST" skipped="0">
  <testcase classname="tekion.Scenario09" name="sample" time="41.331"/>
</testsuite> <!-- tekion.Scenario09 -->
