<?xml version="1.0" encoding="UTF-8"?>
<!-- Generated by org.testng.reporters.JUnitReportReporter -->
<testsuite hostname="DESKTOP-E2JOFU2" failures="0" tests="1" name="tekion.scenario5" time="36.496" errors="0" timestamp="2025-06-10T16:29:27 IST" skipped="0">
  <testcase classname="tekion.scenario5" name="testcase" time="36.496"/>
</testsuite> <!-- tekion.scenario5 -->
